<?xml version="1.0" encoding="UTF-8"?>
<testsuite xmlns:xsi="http://www.w3.org/2001/XMLSchema-instance" xsi:noNamespaceSchemaLocation="https://maven.apache.org/surefire/maven-surefire-plugin/xsd/surefire-test-report-3.0.xsd" version="3.0" name="edu.coursera.distributed.SparkTest" time="2.201" tests="6" errors="6" skipped="0" failures="0">
  <properties>
[...]
</properties>
  <testcase name="testIncreasingTwentyThousand" classname="edu.coursera.distributed.SparkTest" time="1.604">
    <error message="class org.apache.spark.storage.StorageUtils$ (in unnamed module @0x25bbe1b6) cannot access class sun.nio.ch.DirectBuffer (in module java.base) because module java.base does not export sun.nio.ch to unnamed module @0x25bbe1b6" type="java.lang.IllegalAccessError"><![CDATA[java.lang.IllegalAccessError: class org.apache.spark.storage.StorageUtils$ (in unnamed module @0x25bbe1b6) cannot access class sun.nio.ch.DirectBuffer (in module java.base) because module java.base does not export sun.nio.ch to unnamed module @0x25bbe1b6
	at org.apache.spark.storage.StorageUtils$.<init>(StorageUtils.scala:213)
	at org.apache.spark.storage.StorageUtils$.<clinit>(StorageUtils.scala)
	at org.apache.spark.storage.BlockManagerMasterEndpoint.<init>(BlockManagerMasterEndpoint.scala:121)
	at org.apache.spark.SparkEnv$.$anonfun$create$9(SparkEnv.scala:358)
	at org.apache.spark.SparkEnv$.registerOrLookupEndpoint$1(SparkEnv.scala:295)
	at org.apache.spark.SparkEnv$.create(SparkEnv.scala:344)
	at org.apache.spark.SparkEnv$.createDriverEnv(SparkEnv.scala:196)
	at org.apache.spark.SparkContext.createSparkEnv(SparkContext.scala:284)
	at org.apache.spark.SparkContext.<init>(SparkContext.scala:483)
	at org.apache.spark.api.java.JavaSparkContext.<init>(JavaSparkContext.scala:58)
	at edu.coursera.distributed.SparkTest.getSparkContext(SparkTest.java:38)
	at edu.coursera.distributed.SparkTest.testDriver(SparkTest.java:170)
	at edu.coursera.distributed.SparkTest.testIncreasingTwentyThousand(SparkTest.java:261)
	at java.base/jdk.internal.reflect.DirectMethodHandleAccessor.invoke(DirectMethodHandleAccessor.java:104)
	at java.base/java.lang.reflect.Method.invoke(Method.java:578)
	at junit.framework.TestCase.runTest(TestCase.java:177)
	at junit.framework.TestCase.runBare(TestCase.java:142)
	at junit.framework.TestResult$1.protect(TestResult.java:122)
	at junit.framework.TestResult.runProtected(TestResult.java:142)
	at junit.framework.TestResult.run(TestResult.java:125)
	at junit.framework.TestCase.run(TestCase.java:130)
	at junit.framework.TestSuite.runTest(TestSuite.java:241)
	at junit.framework.TestSuite.run(TestSuite.java:236)
	at org.junit.internal.runners.JUnit38ClassRunner.run(JUnit38ClassRunner.java:90)
	at org.apache.maven.surefire.junit4.JUnit4Provider.execute(JUnit4Provider.java:316)
	at org.apache.maven.surefire.junit4.JUnit4Provider.executeWithRerun(JUnit4Provider.java:240)
	at org.apache.maven.surefire.junit4.JUnit4Provider.executeTestSet(JUnit4Provider.java:214)
	at org.apache.maven.surefire.junit4.JUnit4Provider.invoke(JUnit4Provider.java:155)
	at org.apache.maven.surefire.booter.ForkedBooter.runSuitesInProcess(ForkedBooter.java:385)
	at org.apache.maven.surefire.booter.ForkedBooter.execute(ForkedBooter.java:162)
	at org.apache.maven.surefire.booter.ForkedBooter.run(ForkedBooter.java:507)
	at org.apache.maven.surefire.booter.ForkedBooter.main(ForkedBooter.java:495)
]]></error>
    <system-err><![CDATA[Running the PageRank algorithm for 5 iterations on a website graph of 20000 websites

SLF4J: Class path contains multiple SLF4J providers.
SLF4J: Found provider [org.apache.logging.slf4j.SLF4JServiceProvider@5bd82fed]
SLF4J: Found provider [org.slf4j.simple.SimpleServiceProvider@c1bd0be]
SLF4J: See https://www.slf4j.org/codes.html#multiple_bindings for an explanation.
SLF4J: Actual provider is of type [org.apache.logging.slf4j.SLF4JServiceProvider@5bd82fed]
Using Spark's default log4j profile: org/apache/spark/log4j2-defaults.properties
25/03/16 00:54:59 INFO SparkContext: Running Spark version 3.5.1
25/03/16 00:54:59 INFO SparkContext: OS info Windows 10, 10.0, amd64
25/03/16 00:54:59 INFO SparkContext: Java version 19.0.2
25/03/16 00:54:59 WARN Shell: Did not find winutils.exe: java.io.FileNotFoundException: java.io.FileNotFoundException: HADOOP_HOME and hadoop.home.dir are unset. -see https://wiki.apache.org/hadoop/WindowsProblems
25/03/16 00:54:59 WARN NativeCodeLoader: Unable to load native-hadoop library for your platform... using builtin-java classes where applicable
25/03/16 00:54:59 INFO ResourceUtils: ==============================================================
25/03/16 00:54:59 INFO ResourceUtils: No custom resources configured for spark.driver.
25/03/16 00:54:59 INFO ResourceUtils: ==============================================================
25/03/16 00:54:59 INFO SparkContext: Submitted application: edu.coursera.distributed.PageRank
25/03/16 00:54:59 INFO ResourceProfile: Default ResourceProfile created, executor resources: Map(cores -> name: cores, amount: 1, script: , vendor: , memory -> name: memory, amount: 1024, script: , vendor: , offHeap -> name: offHeap, amount: 0, script: , vendor: ), task resources: Map(cpus -> name: cpus, amount: 1.0)
25/03/16 00:54:59 INFO ResourceProfile: Limiting resource is cpu
25/03/16 00:54:59 INFO ResourceProfileManager: Added ResourceProfile id: 0
25/03/16 00:54:59 INFO SecurityManager: Changing view acls to: amirmahdi
25/03/16 00:54:59 INFO SecurityManager: Changing modify acls to: amirmahdi
25/03/16 00:54:59 INFO SecurityManager: Changing view acls groups to: 
25/03/16 00:54:59 INFO SecurityManager: Changing modify acls groups to: 
25/03/16 00:54:59 INFO SecurityManager: SecurityManager: authentication disabled; ui acls disabled; users with view permissions: amirmahdi; groups with view permissions: EMPTY; users with modify permissions: amirmahdi; groups with modify permissions: EMPTY
25/03/16 00:54:59 INFO Utils: Successfully started service 'sparkDriver' on port 55865.
25/03/16 00:54:59 INFO SparkEnv: Registering MapOutputTracker
25/03/16 00:54:59 INFO SparkEnv: Registering BlockManagerMaster
25/03/16 00:54:59 INFO BlockManagerMasterEndpoint: Using org.apache.spark.storage.DefaultTopologyMapper for getting topology information
25/03/16 00:54:59 INFO BlockManagerMasterEndpoint: BlockManagerMasterEndpoint up
]]></system-err>
  </testcase>
  <testcase name="testUniformTwentyThousand" classname="edu.coursera.distributed.SparkTest" time="0.11">
    <error message="Could not initialize class org.apache.spark.storage.StorageUtils$" type="java.lang.NoClassDefFoundError"><![CDATA[java.lang.NoClassDefFoundError: Could not initialize class org.apache.spark.storage.StorageUtils$
	at org.apache.spark.storage.BlockManagerMasterEndpoint.<init>(BlockManagerMasterEndpoint.scala:121)
	at org.apache.spark.SparkEnv$.$anonfun$create$9(SparkEnv.scala:358)
	at org.apache.spark.SparkEnv$.registerOrLookupEndpoint$1(SparkEnv.scala:295)
	at org.apache.spark.SparkEnv$.create(SparkEnv.scala:344)
	at org.apache.spark.SparkEnv$.createDriverEnv(SparkEnv.scala:196)
	at org.apache.spark.SparkContext.createSparkEnv(SparkContext.scala:284)
	at org.apache.spark.SparkContext.<init>(SparkContext.scala:483)
	at org.apache.spark.api.java.JavaSparkContext.<init>(JavaSparkContext.scala:58)
	at edu.coursera.distributed.SparkTest.getSparkContext(SparkTest.java:38)
	at edu.coursera.distributed.SparkTest.testDriver(SparkTest.java:170)
	at edu.coursera.distributed.SparkTest.testUniformTwentyThousand(SparkTest.java:239)
	at java.base/jdk.internal.reflect.DirectMethodHandleAccessor.invoke(DirectMethodHandleAccessor.java:104)
	at java.base/java.lang.reflect.Method.invoke(Method.java:578)
	at junit.framework.TestCase.runTest(TestCase.java:177)
	at junit.framework.TestCase.runBare(TestCase.java:142)
	at junit.framework.TestResult$1.protect(TestResult.java:122)
	at junit.framework.TestResult.runProtected(TestResult.java:142)
	at junit.framework.TestResult.run(TestResult.java:125)
	at junit.framework.TestCase.run(TestCase.java:130)
	at junit.framework.TestSuite.runTest(TestSuite.java:241)
	at junit.framework.TestSuite.run(TestSuite.java:236)
	at org.junit.internal.runners.JUnit38ClassRunner.run(JUnit38ClassRunner.java:90)
	at org.apache.maven.surefire.junit4.JUnit4Provider.execute(JUnit4Provider.java:316)
	at org.apache.maven.surefire.junit4.JUnit4Provider.executeWithRerun(JUnit4Provider.java:240)
	at org.apache.maven.surefire.junit4.JUnit4Provider.executeTestSet(JUnit4Provider.java:214)
	at org.apache.maven.surefire.junit4.JUnit4Provider.invoke(JUnit4Provider.java:155)
	at org.apache.maven.surefire.booter.ForkedBooter.runSuitesInProcess(ForkedBooter.java:385)
	at org.apache.maven.surefire.booter.ForkedBooter.execute(ForkedBooter.java:162)
	at org.apache.maven.surefire.booter.ForkedBooter.run(ForkedBooter.java:507)
	at org.apache.maven.surefire.booter.ForkedBooter.main(ForkedBooter.java:495)
Caused by: java.lang.ExceptionInInitializerError: Exception java.lang.IllegalAccessError: class org.apache.spark.storage.StorageUtils$ (in unnamed module @0x25bbe1b6) cannot access class sun.nio.ch.DirectBuffer (in module java.base) because module java.base does not export sun.nio.ch to unnamed module @0x25bbe1b6 [in thread "main"]
	at org.apache.spark.storage.StorageUtils$.<init>(StorageUtils.scala:213)
	at org.apache.spark.storage.StorageUtils$.<clinit>(StorageUtils.scala)
	at org.apache.spark.storage.BlockManagerMasterEndpoint.<init>(BlockManagerMasterEndpoint.scala:121)
	at org.apache.spark.SparkEnv$.$anonfun$create$9(SparkEnv.scala:358)
	at org.apache.spark.SparkEnv$.registerOrLookupEndpoint$1(SparkEnv.scala:295)
	at org.apache.spark.SparkEnv$.create(SparkEnv.scala:344)
	at org.apache.spark.SparkEnv$.createDriverEnv(SparkEnv.scala:196)
	at org.apache.spark.SparkContext.createSparkEnv(SparkContext.scala:284)
	at org.apache.spark.SparkContext.<init>(SparkContext.scala:483)
	at org.apache.spark.api.java.JavaSparkContext.<init>(JavaSparkContext.scala:58)
	at edu.coursera.distributed.SparkTest.getSparkContext(SparkTest.java:38)
	at edu.coursera.distributed.SparkTest.testDriver(SparkTest.java:170)
	at edu.coursera.distributed.SparkTest.testIncreasingTwentyThousand(SparkTest.java:261)
	... 19 more
]]></error>
    <system-err><![CDATA[Running the PageRank algorithm for 5 iterations on a website graph of 20000 websites

25/03/16 00:54:59 WARN SparkContext: Another SparkContext is being constructed (or threw an exception in its constructor). This may indicate an error, since only one SparkContext should be running in this JVM (see SPARK-2243). The other SparkContext was created at:
org.apache.spark.api.java.JavaSparkContext.<init>(JavaSparkContext.scala:58)
edu.coursera.distributed.SparkTest.getSparkContext(SparkTest.java:38)
edu.coursera.distributed.SparkTest.testDriver(SparkTest.java:170)
edu.coursera.distributed.SparkTest.testIncreasingTwentyThousand(SparkTest.java:261)
java.base/jdk.internal.reflect.DirectMethodHandleAccessor.invoke(DirectMethodHandleAccessor.java:104)
java.base/java.lang.reflect.Method.invoke(Method.java:578)
junit.framework.TestCase.runTest(TestCase.java:177)
junit.framework.TestCase.runBare(TestCase.java:142)
junit.framework.TestResult$1.protect(TestResult.java:122)
junit.framework.TestResult.runProtected(TestResult.java:142)
junit.framework.TestResult.run(TestResult.java:125)
junit.framework.TestCase.run(TestCase.java:130)
junit.framework.TestSuite.runTest(TestSuite.java:241)
junit.framework.TestSuite.run(TestSuite.java:236)
org.junit.internal.runners.JUnit38ClassRunner.run(JUnit38ClassRunner.java:90)
org.apache.maven.surefire.junit4.JUnit4Provider.execute(JUnit4Provider.java:316)
org.apache.maven.surefire.junit4.JUnit4Provider.executeWithRerun(JUnit4Provider.java:240)
org.apache.maven.surefire.junit4.JUnit4Provider.executeTestSet(JUnit4Provider.java:214)
org.apache.maven.surefire.junit4.JUnit4Provider.invoke(JUnit4Provider.java:155)
org.apache.maven.surefire.booter.ForkedBooter.runSuitesInProcess(ForkedBooter.java:385)
25/03/16 00:54:59 INFO SparkContext: Running Spark version 3.5.1
25/03/16 00:54:59 INFO SparkContext: OS info Windows 10, 10.0, amd64
25/03/16 00:54:59 INFO SparkContext: Java version 19.0.2
25/03/16 00:54:59 INFO ResourceUtils: ==============================================================
25/03/16 00:54:59 INFO ResourceUtils: No custom resources configured for spark.driver.
25/03/16 00:54:59 INFO ResourceUtils: ==============================================================
25/03/16 00:54:59 INFO SparkContext: Submitted application: edu.coursera.distributed.PageRank
25/03/16 00:54:59 INFO ResourceProfileManager: Added ResourceProfile id: 0
25/03/16 00:54:59 INFO SecurityManager: Changing view acls to: amirmahdi
25/03/16 00:54:59 INFO SecurityManager: Changing modify acls to: amirmahdi
25/03/16 00:54:59 INFO SecurityManager: Changing view acls groups to: 
25/03/16 00:54:59 INFO SecurityManager: Changing modify acls groups to: 
25/03/16 00:54:59 INFO SecurityManager: SecurityManager: authentication disabled; ui acls disabled; users with view permissions: amirmahdi; groups with view permissions: EMPTY; users with modify permissions: amirmahdi; groups with modify permissions: EMPTY
25/03/16 00:54:59 INFO Utils: Successfully started service 'sparkDriver' on port 55866.
25/03/16 00:54:59 INFO SparkEnv: Registering MapOutputTracker
25/03/16 00:54:59 INFO SparkEnv: Registering BlockManagerMaster
25/03/16 00:54:59 INFO BlockManagerMasterEndpoint: Using org.apache.spark.storage.DefaultTopologyMapper for getting topology information
25/03/16 00:54:59 INFO BlockManagerMasterEndpoint: BlockManagerMasterEndpoint up
]]></system-err>
  </testcase>
  <testcase name="testRandomTwentyThousand" classname="edu.coursera.distributed.SparkTest" time="0.105">
    <error message="Could not initialize class org.apache.spark.storage.StorageUtils$" type="java.lang.NoClassDefFoundError"><![CDATA[java.lang.NoClassDefFoundError: Could not initialize class org.apache.spark.storage.StorageUtils$
	at org.apache.spark.storage.BlockManagerMasterEndpoint.<init>(BlockManagerMasterEndpoint.scala:121)
	at org.apache.spark.SparkEnv$.$anonfun$create$9(SparkEnv.scala:358)
	at org.apache.spark.SparkEnv$.registerOrLookupEndpoint$1(SparkEnv.scala:295)
	at org.apache.spark.SparkEnv$.create(SparkEnv.scala:344)
	at org.apache.spark.SparkEnv$.createDriverEnv(SparkEnv.scala:196)
	at org.apache.spark.SparkContext.createSparkEnv(SparkContext.scala:284)
	at org.apache.spark.SparkContext.<init>(SparkContext.scala:483)
	at org.apache.spark.api.java.JavaSparkContext.<init>(JavaSparkContext.scala:58)
	at edu.coursera.distributed.SparkTest.getSparkContext(SparkTest.java:38)
	at edu.coursera.distributed.SparkTest.testDriver(SparkTest.java:170)
	at edu.coursera.distributed.SparkTest.testRandomTwentyThousand(SparkTest.java:283)
	at java.base/jdk.internal.reflect.DirectMethodHandleAccessor.invoke(DirectMethodHandleAccessor.java:104)
	at java.base/java.lang.reflect.Method.invoke(Method.java:578)
	at junit.framework.TestCase.runTest(TestCase.java:177)
	at junit.framework.TestCase.runBare(TestCase.java:142)
	at junit.framework.TestResult$1.protect(TestResult.java:122)
	at junit.framework.TestResult.runProtected(TestResult.java:142)
	at junit.framework.TestResult.run(TestResult.java:125)
	at junit.framework.TestCase.run(TestCase.java:130)
	at junit.framework.TestSuite.runTest(TestSuite.java:241)
	at junit.framework.TestSuite.run(TestSuite.java:236)
	at org.junit.internal.runners.JUnit38ClassRunner.run(JUnit38ClassRunner.java:90)
	at org.apache.maven.surefire.junit4.JUnit4Provider.execute(JUnit4Provider.java:316)
	at org.apache.maven.surefire.junit4.JUnit4Provider.executeWithRerun(JUnit4Provider.java:240)
	at org.apache.maven.surefire.junit4.JUnit4Provider.executeTestSet(JUnit4Provider.java:214)
	at org.apache.maven.surefire.junit4.JUnit4Provider.invoke(JUnit4Provider.java:155)
	at org.apache.maven.surefire.booter.ForkedBooter.runSuitesInProcess(ForkedBooter.java:385)
	at org.apache.maven.surefire.booter.ForkedBooter.execute(ForkedBooter.java:162)
	at org.apache.maven.surefire.booter.ForkedBooter.run(ForkedBooter.java:507)
	at org.apache.maven.surefire.booter.ForkedBooter.main(ForkedBooter.java:495)
Caused by: java.lang.ExceptionInInitializerError: Exception java.lang.IllegalAccessError: class org.apache.spark.storage.StorageUtils$ (in unnamed module @0x25bbe1b6) cannot access class sun.nio.ch.DirectBuffer (in module java.base) because module java.base does not export sun.nio.ch to unnamed module @0x25bbe1b6 [in thread "main"]
	at org.apache.spark.storage.StorageUtils$.<init>(StorageUtils.scala:213)
	at org.apache.spark.storage.StorageUtils$.<clinit>(StorageUtils.scala)
	at org.apache.spark.storage.BlockManagerMasterEndpoint.<init>(BlockManagerMasterEndpoint.scala:121)
	at org.apache.spark.SparkEnv$.$anonfun$create$9(SparkEnv.scala:358)
	at org.apache.spark.SparkEnv$.registerOrLookupEndpoint$1(SparkEnv.scala:295)
	at org.apache.spark.SparkEnv$.create(SparkEnv.scala:344)
	at org.apache.spark.SparkEnv$.createDriverEnv(SparkEnv.scala:196)
	at org.apache.spark.SparkContext.createSparkEnv(SparkContext.scala:284)
	at org.apache.spark.SparkContext.<init>(SparkContext.scala:483)
	at org.apache.spark.api.java.JavaSparkContext.<init>(JavaSparkContext.scala:58)
	at edu.coursera.distributed.SparkTest.getSparkContext(SparkTest.java:38)
	at edu.coursera.distributed.SparkTest.testDriver(SparkTest.java:170)
	at edu.coursera.distributed.SparkTest.testIncreasingTwentyThousand(SparkTest.java:261)
	... 19 more
]]></error>
    <system-err><![CDATA[Running the PageRank algorithm for 5 iterations on a website graph of 20000 websites

25/03/16 00:55:00 WARN SparkContext: Another SparkContext is being constructed (or threw an exception in its constructor). This may indicate an error, since only one SparkContext should be running in this JVM (see SPARK-2243). The other SparkContext was created at:
org.apache.spark.api.java.JavaSparkContext.<init>(JavaSparkContext.scala:58)
edu.coursera.distributed.SparkTest.getSparkContext(SparkTest.java:38)
edu.coursera.distributed.SparkTest.testDriver(SparkTest.java:170)
edu.coursera.distributed.SparkTest.testUniformTwentyThousand(SparkTest.java:239)
java.base/jdk.internal.reflect.DirectMethodHandleAccessor.invoke(DirectMethodHandleAccessor.java:104)
java.base/java.lang.reflect.Method.invoke(Method.java:578)
junit.framework.TestCase.runTest(TestCase.java:177)
junit.framework.TestCase.runBare(TestCase.java:142)
junit.framework.TestResult$1.protect(TestResult.java:122)
junit.framework.TestResult.runProtected(TestResult.java:142)
junit.framework.TestResult.run(TestResult.java:125)
junit.framework.TestCase.run(TestCase.java:130)
junit.framework.TestSuite.runTest(TestSuite.java:241)
junit.framework.TestSuite.run(TestSuite.java:236)
org.junit.internal.runners.JUnit38ClassRunner.run(JUnit38ClassRunner.java:90)
org.apache.maven.surefire.junit4.JUnit4Provider.execute(JUnit4Provider.java:316)
org.apache.maven.surefire.junit4.JUnit4Provider.executeWithRerun(JUnit4Provider.java:240)
org.apache.maven.surefire.junit4.JUnit4Provider.executeTestSet(JUnit4Provider.java:214)
org.apache.maven.surefire.junit4.JUnit4Provider.invoke(JUnit4Provider.java:155)
org.apache.maven.surefire.booter.ForkedBooter.runSuitesInProcess(ForkedBooter.java:385)
25/03/16 00:55:00 INFO SparkContext: Running Spark version 3.5.1
25/03/16 00:55:00 INFO SparkContext: OS info Windows 10, 10.0, amd64
25/03/16 00:55:00 INFO SparkContext: Java version 19.0.2
25/03/16 00:55:00 INFO ResourceUtils: ==============================================================
25/03/16 00:55:00 INFO ResourceUtils: No custom resources configured for spark.driver.
25/03/16 00:55:00 INFO ResourceUtils: ==============================================================
25/03/16 00:55:00 INFO SparkContext: Submitted application: edu.coursera.distributed.PageRank
25/03/16 00:55:00 INFO ResourceProfileManager: Added ResourceProfile id: 0
25/03/16 00:55:00 INFO SecurityManager: Changing view acls to: amirmahdi
25/03/16 00:55:00 INFO SecurityManager: Changing modify acls to: amirmahdi
25/03/16 00:55:00 INFO SecurityManager: Changing view acls groups to: 
25/03/16 00:55:00 INFO SecurityManager: Changing modify acls groups to: 
25/03/16 00:55:00 INFO SecurityManager: SecurityManager: authentication disabled; ui acls disabled; users with view permissions: amirmahdi; groups with view permissions: EMPTY; users with modify permissions: amirmahdi; groups with modify permissions: EMPTY
25/03/16 00:55:00 INFO Utils: Successfully started service 'sparkDriver' on port 55867.
25/03/16 00:55:00 INFO SparkEnv: Registering MapOutputTracker
25/03/16 00:55:00 INFO SparkEnv: Registering BlockManagerMaster
25/03/16 00:55:00 INFO BlockManagerMasterEndpoint: Using org.apache.spark.storage.DefaultTopologyMapper for getting topology information
25/03/16 00:55:00 INFO BlockManagerMasterEndpoint: BlockManagerMasterEndpoint up
]]></system-err>
  </testcase>
  <testcase name="testIncreasingFiftyThousand" classname="edu.coursera.distributed.SparkTest" time="0.109">
    <error message="Could not initialize class org.apache.spark.storage.StorageUtils$" type="java.lang.NoClassDefFoundError"><![CDATA[java.lang.NoClassDefFoundError: Could not initialize class org.apache.spark.storage.StorageUtils$
	at org.apache.spark.storage.BlockManagerMasterEndpoint.<init>(BlockManagerMasterEndpoint.scala:121)
	at org.apache.spark.SparkEnv$.$anonfun$create$9(SparkEnv.scala:358)
	at org.apache.spark.SparkEnv$.registerOrLookupEndpoint$1(SparkEnv.scala:295)
	at org.apache.spark.SparkEnv$.create(SparkEnv.scala:344)
	at org.apache.spark.SparkEnv$.createDriverEnv(SparkEnv.scala:196)
	at org.apache.spark.SparkContext.createSparkEnv(SparkContext.scala:284)
	at org.apache.spark.SparkContext.<init>(SparkContext.scala:483)
	at org.apache.spark.api.java.JavaSparkContext.<init>(JavaSparkContext.scala:58)
	at edu.coursera.distributed.SparkTest.getSparkContext(SparkTest.java:38)
	at edu.coursera.distributed.SparkTest.testDriver(SparkTest.java:170)
	at edu.coursera.distributed.SparkTest.testIncreasingFiftyThousand(SparkTest.java:272)
	at java.base/jdk.internal.reflect.DirectMethodHandleAccessor.invoke(DirectMethodHandleAccessor.java:104)
	at java.base/java.lang.reflect.Method.invoke(Method.java:578)
	at junit.framework.TestCase.runTest(TestCase.java:177)
	at junit.framework.TestCase.runBare(TestCase.java:142)
	at junit.framework.TestResult$1.protect(TestResult.java:122)
	at junit.framework.TestResult.runProtected(TestResult.java:142)
	at junit.framework.TestResult.run(TestResult.java:125)
	at junit.framework.TestCase.run(TestCase.java:130)
	at junit.framework.TestSuite.runTest(TestSuite.java:241)
	at junit.framework.TestSuite.run(TestSuite.java:236)
	at org.junit.internal.runners.JUnit38ClassRunner.run(JUnit38ClassRunner.java:90)
	at org.apache.maven.surefire.junit4.JUnit4Provider.execute(JUnit4Provider.java:316)
	at org.apache.maven.surefire.junit4.JUnit4Provider.executeWithRerun(JUnit4Provider.java:240)
	at org.apache.maven.surefire.junit4.JUnit4Provider.executeTestSet(JUnit4Provider.java:214)
	at org.apache.maven.surefire.junit4.JUnit4Provider.invoke(JUnit4Provider.java:155)
	at org.apache.maven.surefire.booter.ForkedBooter.runSuitesInProcess(ForkedBooter.java:385)
	at org.apache.maven.surefire.booter.ForkedBooter.execute(ForkedBooter.java:162)
	at org.apache.maven.surefire.booter.ForkedBooter.run(ForkedBooter.java:507)
	at org.apache.maven.surefire.booter.ForkedBooter.main(ForkedBooter.java:495)
Caused by: java.lang.ExceptionInInitializerError: Exception java.lang.IllegalAccessError: class org.apache.spark.storage.StorageUtils$ (in unnamed module @0x25bbe1b6) cannot access class sun.nio.ch.DirectBuffer (in module java.base) because module java.base does not export sun.nio.ch to unnamed module @0x25bbe1b6 [in thread "main"]
	at org.apache.spark.storage.StorageUtils$.<init>(StorageUtils.scala:213)
	at org.apache.spark.storage.StorageUtils$.<clinit>(StorageUtils.scala)
	at org.apache.spark.storage.BlockManagerMasterEndpoint.<init>(BlockManagerMasterEndpoint.scala:121)
	at org.apache.spark.SparkEnv$.$anonfun$create$9(SparkEnv.scala:358)
	at org.apache.spark.SparkEnv$.registerOrLookupEndpoint$1(SparkEnv.scala:295)
	at org.apache.spark.SparkEnv$.create(SparkEnv.scala:344)
	at org.apache.spark.SparkEnv$.createDriverEnv(SparkEnv.scala:196)
	at org.apache.spark.SparkContext.createSparkEnv(SparkContext.scala:284)
	at org.apache.spark.SparkContext.<init>(SparkContext.scala:483)
	at org.apache.spark.api.java.JavaSparkContext.<init>(JavaSparkContext.scala:58)
	at edu.coursera.distributed.SparkTest.getSparkContext(SparkTest.java:38)
	at edu.coursera.distributed.SparkTest.testDriver(SparkTest.java:170)
	at edu.coursera.distributed.SparkTest.testIncreasingTwentyThousand(SparkTest.java:261)
	... 19 more
]]></error>
    <system-err><![CDATA[Running the PageRank algorithm for 5 iterations on a website graph of 50000 websites

25/03/16 00:55:00 WARN SparkContext: Another SparkContext is being constructed (or threw an exception in its constructor). This may indicate an error, since only one SparkContext should be running in this JVM (see SPARK-2243). The other SparkContext was created at:
org.apache.spark.api.java.JavaSparkContext.<init>(JavaSparkContext.scala:58)
edu.coursera.distributed.SparkTest.getSparkContext(SparkTest.java:38)
edu.coursera.distributed.SparkTest.testDriver(SparkTest.java:170)
edu.coursera.distributed.SparkTest.testRandomTwentyThousand(SparkTest.java:283)
java.base/jdk.internal.reflect.DirectMethodHandleAccessor.invoke(DirectMethodHandleAccessor.java:104)
java.base/java.lang.reflect.Method.invoke(Method.java:578)
junit.framework.TestCase.runTest(TestCase.java:177)
junit.framework.TestCase.runBare(TestCase.java:142)
junit.framework.TestResult$1.protect(TestResult.java:122)
junit.framework.TestResult.runProtected(TestResult.java:142)
junit.framework.TestResult.run(TestResult.java:125)
junit.framework.TestCase.run(TestCase.java:130)
junit.framework.TestSuite.runTest(TestSuite.java:241)
junit.framework.TestSuite.run(TestSuite.java:236)
org.junit.internal.runners.JUnit38ClassRunner.run(JUnit38ClassRunner.java:90)
org.apache.maven.surefire.junit4.JUnit4Provider.execute(JUnit4Provider.java:316)
org.apache.maven.surefire.junit4.JUnit4Provider.executeWithRerun(JUnit4Provider.java:240)
org.apache.maven.surefire.junit4.JUnit4Provider.executeTestSet(JUnit4Provider.java:214)
org.apache.maven.surefire.junit4.JUnit4Provider.invoke(JUnit4Provider.java:155)
org.apache.maven.surefire.booter.ForkedBooter.runSuitesInProcess(ForkedBooter.java:385)
25/03/16 00:55:00 INFO SparkContext: Running Spark version 3.5.1
25/03/16 00:55:00 INFO SparkContext: OS info Windows 10, 10.0, amd64
25/03/16 00:55:00 INFO SparkContext: Java version 19.0.2
25/03/16 00:55:00 INFO ResourceUtils: ==============================================================
25/03/16 00:55:00 INFO ResourceUtils: No custom resources configured for spark.driver.
25/03/16 00:55:00 INFO ResourceUtils: ==============================================================
25/03/16 00:55:00 INFO SparkContext: Submitted application: edu.coursera.distributed.PageRank
25/03/16 00:55:00 INFO ResourceProfileManager: Added ResourceProfile id: 0
25/03/16 00:55:00 INFO SecurityManager: Changing view acls to: amirmahdi
25/03/16 00:55:00 INFO SecurityManager: Changing modify acls to: amirmahdi
25/03/16 00:55:00 INFO SecurityManager: Changing view acls groups to: 
25/03/16 00:55:00 INFO SecurityManager: Changing modify acls groups to: 
25/03/16 00:55:00 INFO SecurityManager: SecurityManager: authentication disabled; ui acls disabled; users with view permissions: amirmahdi; groups with view permissions: EMPTY; users with modify permissions: amirmahdi; groups with modify permissions: EMPTY
25/03/16 00:55:00 INFO Utils: Successfully started service 'sparkDriver' on port 55868.
25/03/16 00:55:00 INFO SparkEnv: Registering MapOutputTracker
25/03/16 00:55:00 INFO SparkEnv: Registering BlockManagerMaster
25/03/16 00:55:00 INFO BlockManagerMasterEndpoint: Using org.apache.spark.storage.DefaultTopologyMapper for getting topology information
25/03/16 00:55:00 INFO BlockManagerMasterEndpoint: BlockManagerMasterEndpoint up
]]></system-err>
  </testcase>
  <testcase name="testRandomFiftyThousand" classname="edu.coursera.distributed.SparkTest" time="0.088">
    <error message="Could not initialize class org.apache.spark.storage.StorageUtils$" type="java.lang.NoClassDefFoundError"><![CDATA[java.lang.NoClassDefFoundError: Could not initialize class org.apache.spark.storage.StorageUtils$
	at org.apache.spark.storage.BlockManagerMasterEndpoint.<init>(BlockManagerMasterEndpoint.scala:121)
	at org.apache.spark.SparkEnv$.$anonfun$create$9(SparkEnv.scala:358)
	at org.apache.spark.SparkEnv$.registerOrLookupEndpoint$1(SparkEnv.scala:295)
	at org.apache.spark.SparkEnv$.create(SparkEnv.scala:344)
	at org.apache.spark.SparkEnv$.createDriverEnv(SparkEnv.scala:196)
	at org.apache.spark.SparkContext.createSparkEnv(SparkContext.scala:284)
	at org.apache.spark.SparkContext.<init>(SparkContext.scala:483)
	at org.apache.spark.api.java.JavaSparkContext.<init>(JavaSparkContext.scala:58)
	at edu.coursera.distributed.SparkTest.getSparkContext(SparkTest.java:38)
	at edu.coursera.distributed.SparkTest.testDriver(SparkTest.java:170)
	at edu.coursera.distributed.SparkTest.testRandomFiftyThousand(SparkTest.java:294)
	at java.base/jdk.internal.reflect.DirectMethodHandleAccessor.invoke(DirectMethodHandleAccessor.java:104)
	at java.base/java.lang.reflect.Method.invoke(Method.java:578)
	at junit.framework.TestCase.runTest(TestCase.java:177)
	at junit.framework.TestCase.runBare(TestCase.java:142)
	at junit.framework.TestResult$1.protect(TestResult.java:122)
	at junit.framework.TestResult.runProtected(TestResult.java:142)
	at junit.framework.TestResult.run(TestResult.java:125)
	at junit.framework.TestCase.run(TestCase.java:130)
	at junit.framework.TestSuite.runTest(TestSuite.java:241)
	at junit.framework.TestSuite.run(TestSuite.java:236)
	at org.junit.internal.runners.JUnit38ClassRunner.run(JUnit38ClassRunner.java:90)
	at org.apache.maven.surefire.junit4.JUnit4Provider.execute(JUnit4Provider.java:316)
	at org.apache.maven.surefire.junit4.JUnit4Provider.executeWithRerun(JUnit4Provider.java:240)
	at org.apache.maven.surefire.junit4.JUnit4Provider.executeTestSet(JUnit4Provider.java:214)
	at org.apache.maven.surefire.junit4.JUnit4Provider.invoke(JUnit4Provider.java:155)
	at org.apache.maven.surefire.booter.ForkedBooter.runSuitesInProcess(ForkedBooter.java:385)
	at org.apache.maven.surefire.booter.ForkedBooter.execute(ForkedBooter.java:162)
	at org.apache.maven.surefire.booter.ForkedBooter.run(ForkedBooter.java:507)
	at org.apache.maven.surefire.booter.ForkedBooter.main(ForkedBooter.java:495)
Caused by: java.lang.ExceptionInInitializerError: Exception java.lang.IllegalAccessError: class org.apache.spark.storage.StorageUtils$ (in unnamed module @0x25bbe1b6) cannot access class sun.nio.ch.DirectBuffer (in module java.base) because module java.base does not export sun.nio.ch to unnamed module @0x25bbe1b6 [in thread "main"]
	at org.apache.spark.storage.StorageUtils$.<init>(StorageUtils.scala:213)
	at org.apache.spark.storage.StorageUtils$.<clinit>(StorageUtils.scala)
	at org.apache.spark.storage.BlockManagerMasterEndpoint.<init>(BlockManagerMasterEndpoint.scala:121)
	at org.apache.spark.SparkEnv$.$anonfun$create$9(SparkEnv.scala:358)
	at org.apache.spark.SparkEnv$.registerOrLookupEndpoint$1(SparkEnv.scala:295)
	at org.apache.spark.SparkEnv$.create(SparkEnv.scala:344)
	at org.apache.spark.SparkEnv$.createDriverEnv(SparkEnv.scala:196)
	at org.apache.spark.SparkContext.createSparkEnv(SparkContext.scala:284)
	at org.apache.spark.SparkContext.<init>(SparkContext.scala:483)
	at org.apache.spark.api.java.JavaSparkContext.<init>(JavaSparkContext.scala:58)
	at edu.coursera.distributed.SparkTest.getSparkContext(SparkTest.java:38)
	at edu.coursera.distributed.SparkTest.testDriver(SparkTest.java:170)
	at edu.coursera.distributed.SparkTest.testIncreasingTwentyThousand(SparkTest.java:261)
	... 19 more
]]></error>
    <system-err><![CDATA[Running the PageRank algorithm for 5 iterations on a website graph of 50000 websites

25/03/16 00:55:00 WARN SparkContext: Another SparkContext is being constructed (or threw an exception in its constructor). This may indicate an error, since only one SparkContext should be running in this JVM (see SPARK-2243). The other SparkContext was created at:
org.apache.spark.api.java.JavaSparkContext.<init>(JavaSparkContext.scala:58)
edu.coursera.distributed.SparkTest.getSparkContext(SparkTest.java:38)
edu.coursera.distributed.SparkTest.testDriver(SparkTest.java:170)
edu.coursera.distributed.SparkTest.testIncreasingFiftyThousand(SparkTest.java:272)
java.base/jdk.internal.reflect.DirectMethodHandleAccessor.invoke(DirectMethodHandleAccessor.java:104)
java.base/java.lang.reflect.Method.invoke(Method.java:578)
junit.framework.TestCase.runTest(TestCase.java:177)
junit.framework.TestCase.runBare(TestCase.java:142)
junit.framework.TestResult$1.protect(TestResult.java:122)
junit.framework.TestResult.runProtected(TestResult.java:142)
junit.framework.TestResult.run(TestResult.java:125)
junit.framework.TestCase.run(TestCase.java:130)
junit.framework.TestSuite.runTest(TestSuite.java:241)
junit.framework.TestSuite.run(TestSuite.java:236)
org.junit.internal.runners.JUnit38ClassRunner.run(JUnit38ClassRunner.java:90)
org.apache.maven.surefire.junit4.JUnit4Provider.execute(JUnit4Provider.java:316)
org.apache.maven.surefire.junit4.JUnit4Provider.executeWithRerun(JUnit4Provider.java:240)
org.apache.maven.surefire.junit4.JUnit4Provider.executeTestSet(JUnit4Provider.java:214)
org.apache.maven.surefire.junit4.JUnit4Provider.invoke(JUnit4Provider.java:155)
org.apache.maven.surefire.booter.ForkedBooter.runSuitesInProcess(ForkedBooter.java:385)
25/03/16 00:55:00 INFO SparkContext: Running Spark version 3.5.1
25/03/16 00:55:00 INFO SparkContext: OS info Windows 10, 10.0, amd64
25/03/16 00:55:00 INFO SparkContext: Java version 19.0.2
25/03/16 00:55:00 INFO ResourceUtils: ==============================================================
25/03/16 00:55:00 INFO ResourceUtils: No custom resources configured for spark.driver.
25/03/16 00:55:00 INFO ResourceUtils: ==============================================================
25/03/16 00:55:00 INFO SparkContext: Submitted application: edu.coursera.distributed.PageRank
25/03/16 00:55:00 INFO ResourceProfileManager: Added ResourceProfile id: 0
25/03/16 00:55:00 INFO SecurityManager: Changing view acls to: amirmahdi
25/03/16 00:55:00 INFO SecurityManager: Changing modify acls to: amirmahdi
25/03/16 00:55:00 INFO SecurityManager: Changing view acls groups to: 
25/03/16 00:55:00 INFO SecurityManager: Changing modify acls groups to: 
25/03/16 00:55:00 INFO SecurityManager: SecurityManager: authentication disabled; ui acls disabled; users with view permissions: amirmahdi; groups with view permissions: EMPTY; users with modify permissions: amirmahdi; groups with modify permissions: EMPTY
25/03/16 00:55:00 INFO Utils: Successfully started service 'sparkDriver' on port 55869.
25/03/16 00:55:00 INFO SparkEnv: Registering MapOutputTracker
25/03/16 00:55:00 INFO SparkEnv: Registering BlockManagerMaster
25/03/16 00:55:00 INFO BlockManagerMasterEndpoint: Using org.apache.spark.storage.DefaultTopologyMapper for getting topology information
25/03/16 00:55:00 INFO BlockManagerMasterEndpoint: BlockManagerMasterEndpoint up
]]></system-err>
  </testcase>
  <testcase name="testUniformFiftyThousand" classname="edu.coursera.distributed.SparkTest" time="0.139">
    <error message="Could not initialize class org.apache.spark.storage.StorageUtils$" type="java.lang.NoClassDefFoundError"><![CDATA[java.lang.NoClassDefFoundError: Could not initialize class org.apache.spark.storage.StorageUtils$
	at org.apache.spark.storage.BlockManagerMasterEndpoint.<init>(BlockManagerMasterEndpoint.scala:121)
	at org.apache.spark.SparkEnv$.$anonfun$create$9(SparkEnv.scala:358)
	at org.apache.spark.SparkEnv$.registerOrLookupEndpoint$1(SparkEnv.scala:295)
	at org.apache.spark.SparkEnv$.create(SparkEnv.scala:344)
	at org.apache.spark.SparkEnv$.createDriverEnv(SparkEnv.scala:196)
	at org.apache.spark.SparkContext.createSparkEnv(SparkContext.scala:284)
	at org.apache.spark.SparkContext.<init>(SparkContext.scala:483)
	at org.apache.spark.api.java.JavaSparkContext.<init>(JavaSparkContext.scala:58)
	at edu.coursera.distributed.SparkTest.getSparkContext(SparkTest.java:38)
	at edu.coursera.distributed.SparkTest.testDriver(SparkTest.java:170)
	at edu.coursera.distributed.SparkTest.testUniformFiftyThousand(SparkTest.java:250)
	at java.base/jdk.internal.reflect.DirectMethodHandleAccessor.invoke(DirectMethodHandleAccessor.java:104)
	at java.base/java.lang.reflect.Method.invoke(Method.java:578)
	at junit.framework.TestCase.runTest(TestCase.java:177)
	at junit.framework.TestCase.runBare(TestCase.java:142)
	at junit.framework.TestResult$1.protect(TestResult.java:122)
	at junit.framework.TestResult.runProtected(TestResult.java:142)
	at junit.framework.TestResult.run(TestResult.java:125)
	at junit.framework.TestCase.run(TestCase.java:130)
	at junit.framework.TestSuite.runTest(TestSuite.java:241)
	at junit.framework.TestSuite.run(TestSuite.java:236)
	at org.junit.internal.runners.JUnit38ClassRunner.run(JUnit38ClassRunner.java:90)
	at org.apache.maven.surefire.junit4.JUnit4Provider.execute(JUnit4Provider.java:316)
	at org.apache.maven.surefire.junit4.JUnit4Provider.executeWithRerun(JUnit4Provider.java:240)
	at org.apache.maven.surefire.junit4.JUnit4Provider.executeTestSet(JUnit4Provider.java:214)
	at org.apache.maven.surefire.junit4.JUnit4Provider.invoke(JUnit4Provider.java:155)
	at org.apache.maven.surefire.booter.ForkedBooter.runSuitesInProcess(ForkedBooter.java:385)
	at org.apache.maven.surefire.booter.ForkedBooter.execute(ForkedBooter.java:162)
	at org.apache.maven.surefire.booter.ForkedBooter.run(ForkedBooter.java:507)
	at org.apache.maven.surefire.booter.ForkedBooter.main(ForkedBooter.java:495)
Caused by: java.lang.ExceptionInInitializerError: Exception java.lang.IllegalAccessError: class org.apache.spark.storage.StorageUtils$ (in unnamed module @0x25bbe1b6) cannot access class sun.nio.ch.DirectBuffer (in module java.base) because module java.base does not export sun.nio.ch to unnamed module @0x25bbe1b6 [in thread "main"]
	at org.apache.spark.storage.StorageUtils$.<init>(StorageUtils.scala:213)
	at org.apache.spark.storage.StorageUtils$.<clinit>(StorageUtils.scala)
	at org.apache.spark.storage.BlockManagerMasterEndpoint.<init>(BlockManagerMasterEndpoint.scala:121)
	at org.apache.spark.SparkEnv$.$anonfun$create$9(SparkEnv.scala:358)
	at org.apache.spark.SparkEnv$.registerOrLookupEndpoint$1(SparkEnv.scala:295)
	at org.apache.spark.SparkEnv$.create(SparkEnv.scala:344)
	at org.apache.spark.SparkEnv$.createDriverEnv(SparkEnv.scala:196)
	at org.apache.spark.SparkContext.createSparkEnv(SparkContext.scala:284)
	at org.apache.spark.SparkContext.<init>(SparkContext.scala:483)
	at org.apache.spark.api.java.JavaSparkContext.<init>(JavaSparkContext.scala:58)
	at edu.coursera.distributed.SparkTest.getSparkContext(SparkTest.java:38)
	at edu.coursera.distributed.SparkTest.testDriver(SparkTest.java:170)
	at edu.coursera.distributed.SparkTest.testIncreasingTwentyThousand(SparkTest.java:261)
	... 19 more
]]></error>
    <system-err><![CDATA[Running the PageRank algorithm for 5 iterations on a website graph of 50000 websites

25/03/16 00:55:00 WARN SparkContext: Another SparkContext is being constructed (or threw an exception in its constructor). This may indicate an error, since only one SparkContext should be running in this JVM (see SPARK-2243). The other SparkContext was created at:
org.apache.spark.api.java.JavaSparkContext.<init>(JavaSparkContext.scala:58)
edu.coursera.distributed.SparkTest.getSparkContext(SparkTest.java:38)
edu.coursera.distributed.SparkTest.testDriver(SparkTest.java:170)
edu.coursera.distributed.SparkTest.testRandomFiftyThousand(SparkTest.java:294)
java.base/jdk.internal.reflect.DirectMethodHandleAccessor.invoke(DirectMethodHandleAccessor.java:104)
java.base/java.lang.reflect.Method.invoke(Method.java:578)
junit.framework.TestCase.runTest(TestCase.java:177)
junit.framework.TestCase.runBare(TestCase.java:142)
junit.framework.TestResult$1.protect(TestResult.java:122)
junit.framework.TestResult.runProtected(TestResult.java:142)
junit.framework.TestResult.run(TestResult.java:125)
junit.framework.TestCase.run(TestCase.java:130)
junit.framework.TestSuite.runTest(TestSuite.java:241)
junit.framework.TestSuite.run(TestSuite.java:236)
org.junit.internal.runners.JUnit38ClassRunner.run(JUnit38ClassRunner.java:90)
org.apache.maven.surefire.junit4.JUnit4Provider.execute(JUnit4Provider.java:316)
org.apache.maven.surefire.junit4.JUnit4Provider.executeWithRerun(JUnit4Provider.java:240)
org.apache.maven.surefire.junit4.JUnit4Provider.executeTestSet(JUnit4Provider.java:214)
org.apache.maven.surefire.junit4.JUnit4Provider.invoke(JUnit4Provider.java:155)
org.apache.maven.surefire.booter.ForkedBooter.runSuitesInProcess(ForkedBooter.java:385)
25/03/16 00:55:00 INFO SparkContext: Running Spark version 3.5.1
25/03/16 00:55:00 INFO SparkContext: OS info Windows 10, 10.0, amd64
25/03/16 00:55:00 INFO SparkContext: Java version 19.0.2
25/03/16 00:55:00 INFO ResourceUtils: ==============================================================
25/03/16 00:55:00 INFO ResourceUtils: No custom resources configured for spark.driver.
25/03/16 00:55:00 INFO ResourceUtils: ==============================================================
25/03/16 00:55:00 INFO SparkContext: Submitted application: edu.coursera.distributed.PageRank
25/03/16 00:55:00 INFO ResourceProfileManager: Added ResourceProfile id: 0
25/03/16 00:55:00 INFO SecurityManager: Changing view acls to: amirmahdi
25/03/16 00:55:00 INFO SecurityManager: Changing modify acls to: amirmahdi
25/03/16 00:55:00 INFO SecurityManager: Changing view acls groups to: 
25/03/16 00:55:00 INFO SecurityManager: Changing modify acls groups to: 
25/03/16 00:55:00 INFO SecurityManager: SecurityManager: authentication disabled; ui acls disabled; users with view permissions: amirmahdi; groups with view permissions: EMPTY; users with modify permissions: amirmahdi; groups with modify permissions: EMPTY
25/03/16 00:55:00 INFO Utils: Successfully started service 'sparkDriver' on port 55870.
25/03/16 00:55:00 INFO SparkEnv: Registering MapOutputTracker
25/03/16 00:55:00 INFO SparkEnv: Registering BlockManagerMaster
25/03/16 00:55:00 INFO BlockManagerMasterEndpoint: Using org.apache.spark.storage.DefaultTopologyMapper for getting topology information
25/03/16 00:55:00 INFO BlockManagerMasterEndpoint: BlockManagerMasterEndpoint up
]]></system-err>
  </testcase>
</testsuite>